2025-02-27 01:59:54,172 - INFO - Starting Pokemon TCG Tracker
2025-02-27 01:59:54,172 - INFO - Checking sites for Pokemon TCG items at retail prices...
2025-02-27 01:59:54,172 - INFO - Checking Pokemon Center...
2025-02-27 01:59:54,351 - INFO - Checking Target...
2025-02-27 01:59:55,565 - INFO - Checking Walmart...
2025-02-27 01:59:57,238 - INFO - Checking Best Buy...
2025-02-27 01:59:58,569 - INFO - Checking GameStop...
2025-02-27 01:59:58,731 - ERROR - Error fetching https://www.gamestop.com/search/?q=pokemon+trading+cards&lang=default: 403 Client Error: Forbidden for url: https://www.gamestop.com/search/?q=pokemon+trading+cards&lang=default
2025-02-27 01:59:58,731 - INFO - Retrying in 1 seconds...
2025-02-27 01:59:59,840 - ERROR - Error fetching https://www.gamestop.com/search/?q=pokemon+trading+cards&lang=default: 403 Client Error: Forbidden for url: https://www.gamestop.com/search/?q=pokemon+trading+cards&lang=default
2025-02-27 01:59:59,840 - INFO - Retrying in 2 seconds...
2025-02-27 02:00:01,927 - ERROR - Error fetching https://www.gamestop.com/search/?q=pokemon+trading+cards&lang=default: 403 Client Error: Forbidden for url: https://www.gamestop.com/search/?q=pokemon+trading+cards&lang=default
2025-02-27 02:00:01,927 - ERROR - Failed to fetch https://www.gamestop.com/search/?q=pokemon+trading+cards&lang=default after 3 attempts
2025-02-27 02:00:01,928 - INFO - No items found in stock at retail prices
2025-02-27 02:00:01,928 - INFO - Waiting 1800 seconds until next check...
2025-02-27 02:03:20,058 - INFO - Starting Pokemon TCG Tracker
2025-02-27 02:03:20,058 - INFO - Checking sites for Pokemon TCG items at retail prices...
2025-02-27 02:03:20,058 - INFO - Checking Pokemon Center...
2025-02-27 02:03:20,251 - INFO - Checking Target...
2025-02-27 02:03:20,807 - INFO - Checking Walmart...
2025-02-27 02:03:22,932 - INFO - Checking Best Buy...
2025-02-27 02:03:23,584 - INFO - Checking GameStop...
2025-02-27 02:03:23,743 - ERROR - Error fetching https://www.gamestop.com/search/?q=pokemon+trading+cards&lang=default: 403 Client Error: Forbidden for url: https://www.gamestop.com/search/?q=pokemon+trading+cards&lang=default
2025-02-27 02:03:23,743 - INFO - Retrying in 1 seconds...
2025-02-27 02:03:24,844 - ERROR - Error fetching https://www.gamestop.com/search/?q=pokemon+trading+cards&lang=default: 403 Client Error: Forbidden for url: https://www.gamestop.com/search/?q=pokemon+trading+cards&lang=default
2025-02-27 02:03:24,844 - INFO - Retrying in 2 seconds...
2025-02-27 02:03:26,946 - ERROR - Error fetching https://www.gamestop.com/search/?q=pokemon+trading+cards&lang=default: 403 Client Error: Forbidden for url: https://www.gamestop.com/search/?q=pokemon+trading+cards&lang=default
2025-02-27 02:03:26,946 - ERROR - Failed to fetch https://www.gamestop.com/search/?q=pokemon+trading+cards&lang=default after 3 attempts
2025-02-27 02:03:26,946 - INFO - No items found in stock at retail prices
2025-02-27 02:03:26,946 - INFO - Waiting 1800 seconds until next check...
